<?xml version="1.0" encoding="UTF-8"?>
<!-- Generated by org.testng.reporters.JUnitReportReporter -->
<testsuite hostname="KAFEER" failures="0" tests="1" name="qaautomation.tugas4.WebTest" time="7.327" errors="0" timestamp="21 Jul 2022 17:19:31 GMT" skipped="0">
  <testcase classname="qaautomation.tugas4.WebTest" name="testAddProduct" time="7.327"/>
</testsuite> <!-- qaautomation.tugas4.WebTest -->
