<?xml version="1.0" encoding="UTF-8"?>
<!-- Generated by org.testng.reporters.JUnitReportReporter -->
<testsuite hostname="christian" failures="0" tests="1" name="qaautomation.tugas4.AppTest" time="0.165" errors="0" timestamp="21 Jul 2022 14:08:47 GMT" skipped="0">
  <testcase classname="qaautomation.tugas4.AppTest" name="shouldAnswerWithTrue" time="0.165"/>
</testsuite> <!-- qaautomation.tugas4.AppTest -->
