<?xml version="1.0" encoding="UTF-8"?>
<!-- Generated by org.testng.reporters.JUnitReportReporter -->
<testsuite hostname="christian" failures="0" tests="3" name="qaautomation.tugas4.WebTest" time="22.596" errors="0" timestamp="30 Jul 2022 08:27:57 GMT" skipped="0">
  <testcase classname="qaautomation.tugas4.WebTest" name="testLogin" time="6.576"/>
  <testcase classname="qaautomation.tugas4.WebTest" name="testCheckoutProduct" time="8.206"/>
  <testcase classname="qaautomation.tugas4.WebTest" name="testAddProduct" time="7.814"/>
</testsuite> <!-- qaautomation.tugas4.WebTest -->
